1594407450984:all
1594407488016:stacktrace
1594408256519:all
1594410042258:stacktrace
1594410148510:all
1594410161097:stacktrace
1594410432172:all
1594410665926:add 2 T
1594410704467:add 2 Tom_Soyer 3 6
1594410734863:stacktrace
1594410863988:all
1594410868157:add 2 Tom_Soyer 3 6
1594410973490:all
1594410979867:add 2 Tom_Soyer 3 6
1594410994241:all
1594411035700:add 2 Tom_Soyer 3 6
1594411076692:add 3 Love 5 8
1594411079787:all
1594414130646:add 2 Tom_soyer 3 6
1594414133199:all
1594414192100:update 1 Warand_Piece 1 8
1594414196454:all
1594414203178:delete 1
1594414205993:all
1594572741555:add
1594572745294:exit
